TN:
SF:src/useCases/AlterUser/AlterUserUseCase.ts
FN:7,(anonymous_0)
FN:11,(anonymous_1)
FN:20,(anonymous_2)
FNF:3
FNH:3
FNDA:2,(anonymous_0)
FNDA:2,(anonymous_1)
FNDA:5,(anonymous_2)
DA:4,1
DA:6,1
DA:8,2
DA:12,2
DA:14,2
DA:15,1
DA:18,1
DA:20,1
DA:21,5
DA:22,4
DA:26,1
DA:28,1
LF:12
LH:12
BRDA:14,0,0,1
BRDA:14,0,1,1
BRDA:21,1,0,4
BRDA:21,1,1,1
BRDA:21,2,0,5
BRDA:21,2,1,4
BRF:6
BRH:6
end_of_record
TN:
SF:src/useCases/CreateUser/CreateUserUseCase.ts
FN:7,(anonymous_0)
FN:11,(anonymous_1)
FNF:2
FNH:2
FNDA:7,(anonymous_0)
FNDA:7,(anonymous_1)
DA:4,4
DA:6,4
DA:8,7
DA:12,7
DA:14,7
DA:15,1
DA:18,6
DA:20,6
DA:22,6
LF:9
LH:9
BRDA:14,0,0,1
BRDA:14,0,1,6
BRF:2
BRH:2
end_of_record
TN:
SF:src/useCases/DeleteUser/DeleteUserUseCase.ts
FN:6,(anonymous_0)
FN:10,(anonymous_1)
FNF:2
FNH:2
FNDA:2,(anonymous_0)
FNDA:2,(anonymous_1)
DA:5,1
DA:7,2
DA:11,2
DA:13,2
DA:14,1
DA:17,1
LF:6
LH:6
BRDA:13,0,0,1
BRDA:13,0,1,1
BRF:2
BRH:2
end_of_record
TN:
SF:src/useCases/SearchUser/SearchUserUseCase.ts
FN:6,(anonymous_0)
FN:10,(anonymous_1)
FNF:2
FNH:2
FNDA:1,(anonymous_0)
FNDA:1,(anonymous_1)
DA:5,1
DA:7,1
DA:11,1
DA:13,1
LF:4
LH:4
BRF:0
BRH:0
end_of_record
